{"C:\\Users\\evell\\Desktop\\Desafios\\pomodoroWeb\\app\\funcaoTimers.js": {"path":"C:\\Users\\evell\\Desktop\\Desafios\\pomodoroWeb\\app\\funcaoTimers.js","statementMap":{"0":{"start":{"line":1,"column":14},"end":{"line":1,"column":46}},"1":{"start":{"line":4,"column":18},"end":{"line":4,"column":48}},"2":{"start":{"line":5,"column":19},"end":{"line":5,"column":37}},"3":{"start":{"line":6,"column":27},"end":{"line":6,"column":59}},"4":{"start":{"line":7,"column":28},"end":{"line":7,"column":61}},"5":{"start":{"line":8,"column":2},"end":{"line":8,"column":63}}},"fnMap":{"0":{"name":"mostrarTempo","decl":{"start":{"line":3,"column":16},"end":{"line":3,"column":28}},"loc":{"start":{"line":3,"column":44},"end":{"line":9,"column":1}},"line":3}},"branchMap":{},"s":{"0":0,"1":0,"2":0,"3":0,"4":0,"5":0},"f":{"0":0},"b":{}}
,"C:\\Users\\evell\\Desktop\\Desafios\\pomodoroWeb\\app\\funcoesIniciarPausar.js": {"path":"C:\\Users\\evell\\Desktop\\Desafios\\pomodoroWeb\\app\\funcoesIniciarPausar.js","statementMap":{"0":{"start":{"line":3,"column":13},"end":{"line":3,"column":43}},"1":{"start":{"line":4,"column":19},"end":{"line":4,"column":56}},"2":{"start":{"line":5,"column":18},"end":{"line":5,"column":22}},"3":{"start":{"line":6,"column":20},"end":{"line":6,"column":21}},"4":{"start":{"line":9,"column":20},"end":{"line":9,"column":47}},"5":{"start":{"line":10,"column":2},"end":{"line":17,"column":3}},"6":{"start":{"line":11,"column":4},"end":{"line":11,"column":61}},"7":{"start":{"line":12,"column":4},"end":{"line":12,"column":67}},"8":{"start":{"line":13,"column":23},"end":{"line":13,"column":51}},"9":{"start":{"line":14,"column":4},"end":{"line":14,"column":22}},"10":{"start":{"line":15,"column":4},"end":{"line":15,"column":12}},"11":{"start":{"line":16,"column":4},"end":{"line":16,"column":11}},"12":{"start":{"line":18,"column":2},"end":{"line":18,"column":32}},"13":{"start":{"line":19,"column":2},"end":{"line":19,"column":30}},"14":{"start":{"line":20,"column":2},"end":{"line":20,"column":58}},"15":{"start":{"line":21,"column":2},"end":{"line":21,"column":61}},"16":{"start":{"line":22,"column":2},"end":{"line":22,"column":44}},"17":{"start":{"line":23,"column":2},"end":{"line":23,"column":19}},"18":{"start":{"line":27,"column":2},"end":{"line":27,"column":29}},"19":{"start":{"line":28,"column":2},"end":{"line":28,"column":21}},"20":{"start":{"line":31,"column":17},"end":{"line":47,"column":1}},"21":{"start":{"line":32,"column":19},"end":{"line":32,"column":46}},"22":{"start":{"line":33,"column":2},"end":{"line":44,"column":3}},"23":{"start":{"line":34,"column":4},"end":{"line":34,"column":20}},"24":{"start":{"line":35,"column":4},"end":{"line":35,"column":61}},"25":{"start":{"line":36,"column":4},"end":{"line":36,"column":67}},"26":{"start":{"line":37,"column":22},"end":{"line":37,"column":65}},"27":{"start":{"line":38,"column":4},"end":{"line":41,"column":5}},"28":{"start":{"line":39,"column":21},"end":{"line":39,"column":54}},"29":{"start":{"line":40,"column":6},"end":{"line":40,"column":37}},"30":{"start":{"line":42,"column":4},"end":{"line":42,"column":12}},"31":{"start":{"line":43,"column":4},"end":{"line":43,"column":11}},"32":{"start":{"line":45,"column":2},"end":{"line":45,"column":21}},"33":{"start":{"line":46,"column":2},"end":{"line":46,"column":30}}},"fnMap":{"0":{"name":"iniciarPausar","decl":{"start":{"line":8,"column":16},"end":{"line":8,"column":29}},"loc":{"start":{"line":8,"column":45},"end":{"line":24,"column":1}},"line":8},"1":{"name":"zerar","decl":{"start":{"line":26,"column":9},"end":{"line":26,"column":14}},"loc":{"start":{"line":26,"column":17},"end":{"line":29,"column":1}},"line":26},"2":{"name":"(anonymous_2)","decl":{"start":{"line":31,"column":17},"end":{"line":31,"column":18}},"loc":{"start":{"line":31,"column":23},"end":{"line":47,"column":1}},"line":31}},"branchMap":{"0":{"loc":{"start":{"line":10,"column":2},"end":{"line":17,"column":3}},"type":"if","locations":[{"start":{"line":10,"column":2},"end":{"line":17,"column":3}},{"start":{},"end":{}}],"line":10},"1":{"loc":{"start":{"line":33,"column":2},"end":{"line":44,"column":3}},"type":"if","locations":[{"start":{"line":33,"column":2},"end":{"line":44,"column":3}},{"start":{},"end":{}}],"line":33},"2":{"loc":{"start":{"line":38,"column":4},"end":{"line":41,"column":5}},"type":"if","locations":[{"start":{"line":38,"column":4},"end":{"line":41,"column":5}},{"start":{},"end":{}}],"line":38}},"s":{"0":0,"1":0,"2":0,"3":0,"4":0,"5":0,"6":0,"7":0,"8":0,"9":0,"10":0,"11":0,"12":0,"13":0,"14":0,"15":0,"16":0,"17":0,"18":0,"19":0,"20":0,"21":0,"22":0,"23":0,"24":0,"25":0,"26":0,"27":0,"28":0,"29":0,"30":0,"31":0,"32":0,"33":0},"f":{"0":0,"1":0,"2":0},"b":{"0":[0,0],"1":[0,0],"2":[0,0]}}
,"C:\\Users\\evell\\Desktop\\Desafios\\pomodoroWeb\\app\\funcoesTasks.js": {"path":"C:\\Users\\evell\\Desktop\\Desafios\\pomodoroWeb\\app\\funcoesTasks.js","statementMap":{"0":{"start":{"line":1,"column":21},"end":{"line":1,"column":66}},"1":{"start":{"line":2,"column":13},"end":{"line":2,"column":56}},"2":{"start":{"line":3,"column":17},"end":{"line":3,"column":59}},"3":{"start":{"line":4,"column":27},"end":{"line":4,"column":79}},"4":{"start":{"line":5,"column":21},"end":{"line":5,"column":66}},"5":{"start":{"line":6,"column":24},"end":{"line":8,"column":1}},"6":{"start":{"line":9,"column":17},"end":{"line":9,"column":57}},"7":{"start":{"line":10,"column":19},"end":{"line":10,"column":61}},"8":{"start":{"line":11,"column":25},"end":{"line":11,"column":72}},"9":{"start":{"line":12,"column":15},"end":{"line":12,"column":64}},"10":{"start":{"line":13,"column":16},"end":{"line":13,"column":65}},"11":{"start":{"line":15,"column":24},"end":{"line":15,"column":28}},"12":{"start":{"line":16,"column":26},"end":{"line":16,"column":30}},"13":{"start":{"line":19,"column":4},"end":{"line":19,"column":61}},"14":{"start":{"line":22,"column":0},"end":{"line":24,"column":3}},"15":{"start":{"line":23,"column":4},"end":{"line":23,"column":36}},"16":{"start":{"line":26,"column":0},"end":{"line":29,"column":3}},"17":{"start":{"line":27,"column":4},"end":{"line":27,"column":24}},"18":{"start":{"line":28,"column":4},"end":{"line":28,"column":33}},"19":{"start":{"line":32,"column":15},"end":{"line":32,"column":43}},"20":{"start":{"line":33,"column":4},"end":{"line":33,"column":47}},"21":{"start":{"line":35,"column":16},"end":{"line":35,"column":45}},"22":{"start":{"line":36,"column":4},"end":{"line":40,"column":12}},"23":{"start":{"line":42,"column":22},"end":{"line":42,"column":49}},"24":{"start":{"line":43,"column":4},"end":{"line":43,"column":65}},"25":{"start":{"line":44,"column":4},"end":{"line":44,"column":45}},"26":{"start":{"line":46,"column":18},"end":{"line":46,"column":50}},"27":{"start":{"line":47,"column":4},"end":{"line":47,"column":41}},"28":{"start":{"line":48,"column":4},"end":{"line":57,"column":6}},"29":{"start":{"line":49,"column":25},"end":{"line":49,"column":62}},"30":{"start":{"line":50,"column":8},"end":{"line":56,"column":9}},"31":{"start":{"line":51,"column":12},"end":{"line":51,"column":58}},"32":{"start":{"line":53,"column":12},"end":{"line":53,"column":45}},"33":{"start":{"line":54,"column":12},"end":{"line":54,"column":40}},"34":{"start":{"line":55,"column":12},"end":{"line":55,"column":28}},"35":{"start":{"line":59,"column":21},"end":{"line":59,"column":50}},"36":{"start":{"line":60,"column":4},"end":{"line":60,"column":55}},"37":{"start":{"line":62,"column":4},"end":{"line":62,"column":27}},"38":{"start":{"line":63,"column":4},"end":{"line":63,"column":37}},"39":{"start":{"line":64,"column":4},"end":{"line":86,"column":5}},"40":{"start":{"line":65,"column":8},"end":{"line":65,"column":59}},"41":{"start":{"line":66,"column":8},"end":{"line":66,"column":51}},"42":{"start":{"line":68,"column":8},"end":{"line":85,"column":10}},"43":{"start":{"line":69,"column":12},"end":{"line":73,"column":18}},"44":{"start":{"line":72,"column":20},"end":{"line":72,"column":73}},"45":{"start":{"line":74,"column":12},"end":{"line":79,"column":13}},"46":{"start":{"line":75,"column":16},"end":{"line":75,"column":49}},"47":{"start":{"line":76,"column":16},"end":{"line":76,"column":41}},"48":{"start":{"line":77,"column":16},"end":{"line":77,"column":43}},"49":{"start":{"line":78,"column":16},"end":{"line":78,"column":23}},"50":{"start":{"line":80,"column":12},"end":{"line":80,"column":49}},"51":{"start":{"line":81,"column":12},"end":{"line":81,"column":37}},"52":{"start":{"line":82,"column":12},"end":{"line":82,"column":59}},"53":{"start":{"line":84,"column":12},"end":{"line":84,"column":61}},"54":{"start":{"line":88,"column":4},"end":{"line":88,"column":14}},"55":{"start":{"line":91,"column":0},"end":{"line":107,"column":3}},"56":{"start":{"line":92,"column":4},"end":{"line":92,"column":28}},"57":{"start":{"line":93,"column":4},"end":{"line":106,"column":5}},"58":{"start":{"line":94,"column":8},"end":{"line":94,"column":43}},"59":{"start":{"line":96,"column":23},"end":{"line":99,"column":9}},"60":{"start":{"line":100,"column":8},"end":{"line":100,"column":28}},"61":{"start":{"line":101,"column":8},"end":{"line":101,"column":37}},"62":{"start":{"line":102,"column":8},"end":{"line":102,"column":29}},"63":{"start":{"line":103,"column":8},"end":{"line":103,"column":24}},"64":{"start":{"line":104,"column":31},"end":{"line":104,"column":50}},"65":{"start":{"line":105,"column":8},"end":{"line":105,"column":44}},"66":{"start":{"line":109,"column":0},"end":{"line":112,"column":3}},"67":{"start":{"line":110,"column":27},"end":{"line":110,"column":46}},"68":{"start":{"line":111,"column":4},"end":{"line":111,"column":40}},"69":{"start":{"line":114,"column":0},"end":{"line":127,"column":3}},"70":{"start":{"line":115,"column":4},"end":{"line":126,"column":5}},"71":{"start":{"line":116,"column":8},"end":{"line":116,"column":77}},"72":{"start":{"line":117,"column":8},"end":{"line":117,"column":76}},"73":{"start":{"line":118,"column":8},"end":{"line":120,"column":50}},"74":{"start":{"line":121,"column":23},"end":{"line":121,"column":77}},"75":{"start":{"line":121,"column":43},"end":{"line":121,"column":76}},"76":{"start":{"line":122,"column":8},"end":{"line":125,"column":9}},"77":{"start":{"line":123,"column":12},"end":{"line":123,"column":35}},"78":{"start":{"line":124,"column":12},"end":{"line":124,"column":28}},"79":{"start":{"line":129,"column":0},"end":{"line":131,"column":2}},"80":{"start":{"line":130,"column":4},"end":{"line":130,"column":79}},"81":{"start":{"line":133,"column":0},"end":{"line":138,"column":2}},"82":{"start":{"line":134,"column":4},"end":{"line":134,"column":23}},"83":{"start":{"line":135,"column":4},"end":{"line":135,"column":20}},"84":{"start":{"line":136,"column":4},"end":{"line":136,"column":32}},"85":{"start":{"line":137,"column":4},"end":{"line":137,"column":79}},"86":{"start":{"line":140,"column":0},"end":{"line":149,"column":2}},"87":{"start":{"line":141,"column":4},"end":{"line":146,"column":6}},"88":{"start":{"line":142,"column":8},"end":{"line":145,"column":9}},"89":{"start":{"line":143,"column":12},"end":{"line":143,"column":50}},"90":{"start":{"line":144,"column":12},"end":{"line":144,"column":97}},"91":{"start":{"line":144,"column":86},"end":{"line":144,"column":96}},"92":{"start":{"line":147,"column":4},"end":{"line":147,"column":25}},"93":{"start":{"line":148,"column":4},"end":{"line":148,"column":20}}},"fnMap":{"0":{"name":"atualizarTask","decl":{"start":{"line":18,"column":9},"end":{"line":18,"column":22}},"loc":{"start":{"line":18,"column":25},"end":{"line":20,"column":1}},"line":18},"1":{"name":"(anonymous_1)","decl":{"start":{"line":22,"column":39},"end":{"line":22,"column":40}},"loc":{"start":{"line":22,"column":45},"end":{"line":24,"column":1}},"line":22},"2":{"name":"(anonymous_2)","decl":{"start":{"line":26,"column":45},"end":{"line":26,"column":46}},"loc":{"start":{"line":26,"column":51},"end":{"line":29,"column":1}},"line":26},"3":{"name":"criarTarefa","decl":{"start":{"line":31,"column":9},"end":{"line":31,"column":20}},"loc":{"start":{"line":31,"column":29},"end":{"line":89,"column":1}},"line":31},"4":{"name":"(anonymous_4)","decl":{"start":{"line":48,"column":20},"end":{"line":48,"column":21}},"loc":{"start":{"line":48,"column":26},"end":{"line":57,"column":5}},"line":48},"5":{"name":"(anonymous_5)","decl":{"start":{"line":68,"column":21},"end":{"line":68,"column":22}},"loc":{"start":{"line":68,"column":27},"end":{"line":85,"column":9}},"line":68},"6":{"name":"(anonymous_6)","decl":{"start":{"line":71,"column":25},"end":{"line":71,"column":26}},"loc":{"start":{"line":72,"column":20},"end":{"line":72,"column":73}},"line":72},"7":{"name":"(anonymous_7)","decl":{"start":{"line":91,"column":32},"end":{"line":91,"column":33}},"loc":{"start":{"line":91,"column":44},"end":{"line":107,"column":1}},"line":91},"8":{"name":"(anonymous_8)","decl":{"start":{"line":109,"column":16},"end":{"line":109,"column":17}},"loc":{"start":{"line":109,"column":28},"end":{"line":112,"column":1}},"line":109},"9":{"name":"(anonymous_9)","decl":{"start":{"line":114,"column":44},"end":{"line":114,"column":45}},"loc":{"start":{"line":114,"column":50},"end":{"line":127,"column":1}},"line":114},"10":{"name":"(anonymous_10)","decl":{"start":{"line":121,"column":36},"end":{"line":121,"column":37}},"loc":{"start":{"line":121,"column":43},"end":{"line":121,"column":76}},"line":121},"11":{"name":"(anonymous_11)","decl":{"start":{"line":129,"column":35},"end":{"line":129,"column":36}},"loc":{"start":{"line":129,"column":41},"end":{"line":131,"column":1}},"line":129},"12":{"name":"(anonymous_12)","decl":{"start":{"line":133,"column":37},"end":{"line":133,"column":38}},"loc":{"start":{"line":133,"column":43},"end":{"line":138,"column":1}},"line":133},"13":{"name":"(anonymous_13)","decl":{"start":{"line":140,"column":43},"end":{"line":140,"column":44}},"loc":{"start":{"line":140,"column":49},"end":{"line":149,"column":1}},"line":140},"14":{"name":"(anonymous_14)","decl":{"start":{"line":141,"column":20},"end":{"line":141,"column":21}},"loc":{"start":{"line":141,"column":25},"end":{"line":146,"column":5}},"line":141},"15":{"name":"(anonymous_15)","decl":{"start":{"line":144,"column":81},"end":{"line":144,"column":82}},"loc":{"start":{"line":144,"column":86},"end":{"line":144,"column":96}},"line":144}},"branchMap":{"0":{"loc":{"start":{"line":13,"column":16},"end":{"line":13,"column":65}},"type":"binary-expr","locations":[{"start":{"line":13,"column":16},"end":{"line":13,"column":59}},{"start":{"line":13,"column":63},"end":{"line":13,"column":65}}],"line":13},"1":{"loc":{"start":{"line":50,"column":8},"end":{"line":56,"column":9}},"type":"if","locations":[{"start":{"line":50,"column":8},"end":{"line":56,"column":9}},{"start":{"line":52,"column":15},"end":{"line":56,"column":9}}],"line":50},"2":{"loc":{"start":{"line":50,"column":12},"end":{"line":50,"column":55}},"type":"binary-expr","locations":[{"start":{"line":50,"column":12},"end":{"line":50,"column":29}},{"start":{"line":50,"column":33},"end":{"line":50,"column":55}}],"line":50},"3":{"loc":{"start":{"line":64,"column":4},"end":{"line":86,"column":5}},"type":"if","locations":[{"start":{"line":64,"column":4},"end":{"line":86,"column":5}},{"start":{"line":67,"column":11},"end":{"line":86,"column":5}}],"line":64},"4":{"loc":{"start":{"line":74,"column":12},"end":{"line":79,"column":13}},"type":"if","locations":[{"start":{"line":74,"column":12},"end":{"line":79,"column":13}},{"start":{},"end":{}}],"line":74},"5":{"loc":{"start":{"line":93,"column":4},"end":{"line":106,"column":5}},"type":"if","locations":[{"start":{"line":93,"column":4},"end":{"line":106,"column":5}},{"start":{"line":95,"column":11},"end":{"line":106,"column":5}}],"line":93},"6":{"loc":{"start":{"line":115,"column":4},"end":{"line":126,"column":5}},"type":"if","locations":[{"start":{"line":115,"column":4},"end":{"line":126,"column":5}},{"start":{},"end":{}}],"line":115},"7":{"loc":{"start":{"line":115,"column":8},"end":{"line":115,"column":48}},"type":"binary-expr","locations":[{"start":{"line":115,"column":8},"end":{"line":115,"column":25}},{"start":{"line":115,"column":29},"end":{"line":115,"column":48}}],"line":115},"8":{"loc":{"start":{"line":122,"column":8},"end":{"line":125,"column":9}},"type":"if","locations":[{"start":{"line":122,"column":8},"end":{"line":125,"column":9}},{"start":{},"end":{}}],"line":122},"9":{"loc":{"start":{"line":130,"column":27},"end":{"line":130,"column":78}},"type":"cond-expr","locations":[{"start":{"line":130,"column":62},"end":{"line":130,"column":68}},{"start":{"line":130,"column":71},"end":{"line":130,"column":78}}],"line":130},"10":{"loc":{"start":{"line":137,"column":27},"end":{"line":137,"column":78}},"type":"cond-expr","locations":[{"start":{"line":137,"column":62},"end":{"line":137,"column":68}},{"start":{"line":137,"column":71},"end":{"line":137,"column":78}}],"line":137},"11":{"loc":{"start":{"line":142,"column":8},"end":{"line":145,"column":9}},"type":"if","locations":[{"start":{"line":142,"column":8},"end":{"line":145,"column":9}},{"start":{},"end":{}}],"line":142}},"s":{"0":0,"1":0,"2":0,"3":0,"4":0,"5":0,"6":0,"7":0,"8":0,"9":0,"10":0,"11":0,"12":0,"13":0,"14":0,"15":0,"16":0,"17":0,"18":0,"19":0,"20":0,"21":0,"22":0,"23":0,"24":0,"25":0,"26":0,"27":0,"28":0,"29":0,"30":0,"31":0,"32":0,"33":0,"34":0,"35":0,"36":0,"37":0,"38":0,"39":0,"40":0,"41":0,"42":0,"43":0,"44":0,"45":0,"46":0,"47":0,"48":0,"49":0,"50":0,"51":0,"52":0,"53":0,"54":0,"55":0,"56":0,"57":0,"58":0,"59":0,"60":0,"61":0,"62":0,"63":0,"64":0,"65":0,"66":0,"67":0,"68":0,"69":0,"70":0,"71":0,"72":0,"73":0,"74":0,"75":0,"76":0,"77":0,"78":0,"79":0,"80":0,"81":0,"82":0,"83":0,"84":0,"85":0,"86":0,"87":0,"88":0,"89":0,"90":0,"91":0,"92":0,"93":0},"f":{"0":0,"1":0,"2":0,"3":0,"4":0,"5":0,"6":0,"7":0,"8":0,"9":0,"10":0,"11":0,"12":0,"13":0,"14":0,"15":0},"b":{"0":[0,0],"1":[0,0],"2":[0,0],"3":[0,0],"4":[0,0],"5":[0,0],"6":[0,0],"7":[0,0],"8":[0,0],"9":[0,0],"10":[0,0],"11":[0,0]}}
,"C:\\Users\\evell\\Desktop\\Desafios\\pomodoroWeb\\app\\main.js": {"path":"C:\\Users\\evell\\Desktop\\Desafios\\pomodoroWeb\\app\\main.js","statementMap":{"0":{"start":{"line":4,"column":13},"end":{"line":4,"column":43}},"1":{"start":{"line":5,"column":16},"end":{"line":5,"column":62}},"2":{"start":{"line":6,"column":25},"end":{"line":6,"column":72}},"3":{"start":{"line":7,"column":25},"end":{"line":7,"column":72}},"4":{"start":{"line":8,"column":18},"end":{"line":8,"column":53}},"5":{"start":{"line":9,"column":15},"end":{"line":9,"column":50}},"6":{"start":{"line":10,"column":19},"end":{"line":10,"column":56}},"7":{"start":{"line":11,"column":13},"end":{"line":11,"column":56}},"8":{"start":{"line":12,"column":18},"end":{"line":12,"column":59}},"9":{"start":{"line":13,"column":17},"end":{"line":13,"column":53}},"10":{"start":{"line":14,"column":15},"end":{"line":14,"column":53}},"11":{"start":{"line":15,"column":0},"end":{"line":15,"column":19}},"12":{"start":{"line":18,"column":2},"end":{"line":18,"column":46}},"13":{"start":{"line":19,"column":2},"end":{"line":19,"column":45}},"14":{"start":{"line":20,"column":2},"end":{"line":44,"column":3}},"15":{"start":{"line":22,"column":6},"end":{"line":23,"column":82}},"16":{"start":{"line":24,"column":6},"end":{"line":31,"column":7}},"17":{"start":{"line":25,"column":8},"end":{"line":25,"column":25}},"18":{"start":{"line":26,"column":8},"end":{"line":26,"column":53}},"19":{"start":{"line":26,"column":35},"end":{"line":26,"column":52}},"20":{"start":{"line":29,"column":8},"end":{"line":29,"column":27}},"21":{"start":{"line":30,"column":8},"end":{"line":30,"column":55}},"22":{"start":{"line":30,"column":35},"end":{"line":30,"column":54}},"23":{"start":{"line":32,"column":6},"end":{"line":32,"column":12}},"24":{"start":{"line":34,"column":6},"end":{"line":35,"column":79}},"25":{"start":{"line":36,"column":6},"end":{"line":36,"column":24}},"26":{"start":{"line":37,"column":6},"end":{"line":37,"column":52}},"27":{"start":{"line":37,"column":33},"end":{"line":37,"column":51}},"28":{"start":{"line":38,"column":6},"end":{"line":38,"column":12}},"29":{"start":{"line":40,"column":6},"end":{"line":41,"column":79}},"30":{"start":{"line":42,"column":6},"end":{"line":42,"column":24}},"31":{"start":{"line":43,"column":6},"end":{"line":43,"column":52}},"32":{"start":{"line":43,"column":33},"end":{"line":43,"column":51}},"33":{"start":{"line":45,"column":2},"end":{"line":47,"column":5}},"34":{"start":{"line":46,"column":4},"end":{"line":46,"column":40}},"35":{"start":{"line":50,"column":0},"end":{"line":53,"column":3}},"36":{"start":{"line":51,"column":2},"end":{"line":51,"column":26}},"37":{"start":{"line":52,"column":2},"end":{"line":52,"column":37}},"38":{"start":{"line":55,"column":0},"end":{"line":58,"column":3}},"39":{"start":{"line":56,"column":2},"end":{"line":56,"column":35}},"40":{"start":{"line":57,"column":2},"end":{"line":57,"column":46}},"41":{"start":{"line":60,"column":0},"end":{"line":64,"column":3}},"42":{"start":{"line":61,"column":2},"end":{"line":61,"column":35}},"43":{"start":{"line":62,"column":2},"end":{"line":62,"column":20}},"44":{"start":{"line":63,"column":2},"end":{"line":63,"column":46}},"45":{"start":{"line":66,"column":0},"end":{"line":72,"column":3}},"46":{"start":{"line":67,"column":2},"end":{"line":71,"column":3}},"47":{"start":{"line":68,"column":4},"end":{"line":68,"column":18}},"48":{"start":{"line":70,"column":4},"end":{"line":70,"column":19}}},"fnMap":{"0":{"name":"alterarContexto","decl":{"start":{"line":17,"column":9},"end":{"line":17,"column":24}},"loc":{"start":{"line":17,"column":35},"end":{"line":48,"column":1}},"line":17},"1":{"name":"(anonymous_1)","decl":{"start":{"line":26,"column":29},"end":{"line":26,"column":30}},"loc":{"start":{"line":26,"column":35},"end":{"line":26,"column":52}},"line":26},"2":{"name":"(anonymous_2)","decl":{"start":{"line":30,"column":29},"end":{"line":30,"column":30}},"loc":{"start":{"line":30,"column":35},"end":{"line":30,"column":54}},"line":30},"3":{"name":"(anonymous_3)","decl":{"start":{"line":37,"column":27},"end":{"line":37,"column":28}},"loc":{"start":{"line":37,"column":33},"end":{"line":37,"column":51}},"line":37},"4":{"name":"(anonymous_4)","decl":{"start":{"line":43,"column":27},"end":{"line":43,"column":28}},"loc":{"start":{"line":43,"column":33},"end":{"line":43,"column":51}},"line":43},"5":{"name":"(anonymous_5)","decl":{"start":{"line":45,"column":15},"end":{"line":45,"column":16}},"loc":{"start":{"line":45,"column":29},"end":{"line":47,"column":3}},"line":45},"6":{"name":"(anonymous_6)","decl":{"start":{"line":50,"column":34},"end":{"line":50,"column":35}},"loc":{"start":{"line":50,"column":40},"end":{"line":53,"column":1}},"line":50},"7":{"name":"(anonymous_7)","decl":{"start":{"line":55,"column":43},"end":{"line":55,"column":44}},"loc":{"start":{"line":55,"column":49},"end":{"line":58,"column":1}},"line":55},"8":{"name":"(anonymous_8)","decl":{"start":{"line":60,"column":43},"end":{"line":60,"column":44}},"loc":{"start":{"line":60,"column":49},"end":{"line":64,"column":1}},"line":60},"9":{"name":"(anonymous_9)","decl":{"start":{"line":66,"column":37},"end":{"line":66,"column":38}},"loc":{"start":{"line":66,"column":43},"end":{"line":72,"column":1}},"line":66}},"branchMap":{"0":{"loc":{"start":{"line":20,"column":2},"end":{"line":44,"column":3}},"type":"switch","locations":[{"start":{"line":21,"column":4},"end":{"line":32,"column":12}},{"start":{"line":33,"column":4},"end":{"line":38,"column":12}},{"start":{"line":39,"column":4},"end":{"line":43,"column":52}}],"line":20},"1":{"loc":{"start":{"line":24,"column":6},"end":{"line":31,"column":7}},"type":"if","locations":[{"start":{"line":24,"column":6},"end":{"line":31,"column":7}},{"start":{"line":28,"column":11},"end":{"line":31,"column":7}}],"line":24},"2":{"loc":{"start":{"line":67,"column":2},"end":{"line":71,"column":3}},"type":"if","locations":[{"start":{"line":67,"column":2},"end":{"line":71,"column":3}},{"start":{"line":69,"column":9},"end":{"line":71,"column":3}}],"line":67}},"s":{"0":0,"1":0,"2":0,"3":0,"4":0,"5":0,"6":0,"7":0,"8":0,"9":0,"10":0,"11":0,"12":0,"13":0,"14":0,"15":0,"16":0,"17":0,"18":0,"19":0,"20":0,"21":0,"22":0,"23":0,"24":0,"25":0,"26":0,"27":0,"28":0,"29":0,"30":0,"31":0,"32":0,"33":0,"34":0,"35":0,"36":0,"37":0,"38":0,"39":0,"40":0,"41":0,"42":0,"43":0,"44":0,"45":0,"46":0,"47":0,"48":0},"f":{"0":0,"1":0,"2":0,"3":0,"4":0,"5":0,"6":0,"7":0,"8":0,"9":0},"b":{"0":[0,0,0],"1":[0,0],"2":[0,0]}}
}
